<?xml version="1.0" encoding="UTF-8"?>
<!-- Generated by org.testng.reporters.JUnitReportReporter -->
<testsuite hostname="WK-ACS-01" failures="0" tests="2" name="tax2efile.Testscripts.FireForms_1099_1098" time="310.634" errors="0" timestamp="2025-08-14T17:27:41 IST" skipped="0">
  <testcase classname="tax2efile.Testscripts.FireForms_1099_1098" name="Form_1099A" time="156.505"/>
  <system-out/>
  <testcase classname="tax2efile.Testscripts.FireForms_1099_1098" name="Form_1099OID" time="154.129"/>
  <system-out/>
</testsuite> <!-- tax2efile.Testscripts.FireForms_1099_1098 -->
