<?xml version="1.0" encoding="UTF-8"?>
<!-- Generated by org.testng.reporters.JUnitReportReporter -->
<testsuite hostname="WK-ACS-01" failures="0" tests="1" name="tax2efile.Testscripts.LoginPageTest" time="162.131" errors="0" timestamp="2025-08-01T12:10:55 IST" skipped="0">
  <testcase classname="tax2efile.Testscripts.LoginPageTest" name="LoginFlowTest" time="162.131"/>
  <system-out/>
</testsuite> <!-- tax2efile.Testscripts.LoginPageTest -->
