<?xml version="1.0" encoding="UTF-8"?>
<!-- Generated by org.testng.reporters.JUnitReportReporter -->
<testsuite hostname="WK-ACS-01" failures="0" tests="1" name="tax2efile.Testscripts.FireForms_1099_1098" time="175.944" errors="0" timestamp="2025-08-21T18:06:21 IST" skipped="0">
  <testcase classname="tax2efile.Testscripts.FireForms_1099_1098" name="Form_1099PATR" time="175.944"/>
  <system-out/>
</testsuite> <!-- tax2efile.Testscripts.FireForms_1099_1098 -->
