<?xml version="1.0" encoding="UTF-8"?>
<!-- Generated by org.testng.reporters.JUnitReportReporter -->
<testsuite hostname="WK-ACS-01" failures="0" tests="1" name="tax2efile.Testscripts.FireForms_1099_1098" time="92.551" errors="0" timestamp="2025-08-20T18:37:26 IST" skipped="0">
  <testcase classname="tax2efile.Testscripts.FireForms_1099_1098" name="Form_1099K" time="92.551"/>
  <system-out/>
</testsuite> <!-- tax2efile.Testscripts.FireForms_1099_1098 -->
